<?xml version="1.0" encoding="UTF-8"?>
<testng-results ignored="0" total="1" passed="1" failed="0" skipped="0">
  <reporter-output>
  </reporter-output>
  <suite started-at="2023-09-18T21:18:07 EET" name="Default suite" finished-at="2023-09-18T21:18:52 EET" duration-ms="45400">
    <groups>
    </groups>
    <test started-at="2023-09-18T21:18:07 EET" name="Default test" finished-at="2023-09-18T21:18:52 EET" duration-ms="45400">
      <class name="almosafer.Almosafer">
        <test-method is-config="true" signature="beforeAlmosfer()[pri:0, instance:almosafer.Almosafer@2a389173]" started-at="2023-09-18T21:18:07 EET" name="beforeAlmosfer" finished-at="2023-09-18T21:18:07 EET" duration-ms="36" status="PASS">
          <reporter-output>
          </reporter-output>
        </test-method> <!-- beforeAlmosfer -->
        <test-method signature="testOne()[pri:0, instance:almosafer.Almosafer@2a389173]" started-at="2023-09-18T21:18:07 EET" name="testOne" finished-at="2023-09-18T21:18:52 EET" duration-ms="45275" status="PASS">
          <reporter-output>
          </reporter-output>
        </test-method> <!-- testOne -->
        <test-method is-config="true" signature="afterAlmosafer()[pri:0, instance:almosafer.Almosafer@2a389173]" started-at="2023-09-18T21:18:52 EET" name="afterAlmosafer" finished-at="2023-09-18T21:18:52 EET" duration-ms="1" status="PASS">
          <reporter-output>
          </reporter-output>
        </test-method> <!-- afterAlmosafer -->
      </class> <!-- almosafer.Almosafer -->
    </test> <!-- Default test -->
  </suite> <!-- Default suite -->
</testng-results>
